# JRE version: Java(TM) SE Runtime Environment (15.0.1+9) (build 15.0.1+9-18)
# Java VM: Java HotSpot(TM) 64-Bit Server VM (15.0.1+9-18, mixed mode, sharing, tiered, compressed oops, g1 gc, windows-amd64)
GC Precious Log:
 CPUs: 8 total, 8 available
 Memory: 8043M
 Large Page Support: Disabled
 NUMA Support: Disabled
 Compressed Oops: Enabled (32-bit)
 Heap Region Size: 1M
 Heap Min Capacity: 8M
 Heap Initial Capacity: 126M
 Heap Max Capacity: 2012M
 Pre-touch: Disabled
 Parallel Workers: 8
 Concurrent Workers: 2
 Concurrent Refinement Workers: 8
 Periodic GC: Disabled
Heap:
 garbage-first heap   total 135168K, used 89965K [0x0000000082400000, 0x0000000100000000)
  region size 1024K, 60 young (61440K), 7 survivors (7168K)
 Metaspace       used 76027K, capacity 76698K, committed 76952K, reserved 1116160K
  class space    used 9709K, capacity 9926K, committed 9964K, reserved 1048576K
GC Heap History (20 events):
Event: 4.395 GC heap before
{Heap before GC invocations=13 (full 0):
 garbage-first heap   total 75776K, used 61317K [0x0000000082400000, 0x0000000100000000)
  region size 1024K, 44 young (45056K), 4 survivors (4096K)
 Metaspace       used 37398K, capacity 37789K, committed 38060K, reserved 1083392K
  class space    used 4629K, capacity 4772K, committed 4864K, reserved 1048576K
}
Event: 4.405 GC heap after
{Heap after GC invocations=14 (full 0):
 garbage-first heap   total 75776K, used 22297K [0x0000000082400000, 0x0000000100000000)
  region size 1024K, 3 young (3072K), 3 survivors (3072K)
 Metaspace       used 37398K, capacity 37789K, committed 38060K, reserved 1083392K
  class space    used 4629K, capacity 4772K, committed 4864K, reserved 1048576K
}
Event: 4.755 GC heap before
{Heap before GC invocations=14 (full 0):
 garbage-first heap   total 75776K, used 62233K [0x0000000082400000, 0x0000000100000000)
  region size 1024K, 41 young (41984K), 3 survivors (3072K)
 Metaspace       used 41521K, capacity 41962K, committed 42156K, reserved 1085440K
  class space    used 5104K, capacity 5265K, committed 5376K, reserved 1048576K
}
Event: 4.763 GC heap after
{Heap after GC invocations=15 (full 0):
 garbage-first heap   total 95232K, used 24780K [0x0000000082400000, 0x0000000100000000)
  region size 1024K, 5 young (5120K), 5 survivors (5120K)
 Metaspace       used 41521K, capacity 41962K, committed 42156K, reserved 1085440K
  class space    used 5104K, capacity 5265K, committed 5376K, reserved 1048576K
}
Event: 5.361 GC heap before
{Heap before GC invocations=15 (full 0):
 garbage-first heap   total 95232K, used 75980K [0x0000000082400000, 0x0000000100000000)
  region size 1024K, 55 young (56320K), 5 survivors (5120K)
 Metaspace       used 45869K, capacity 46300K, committed 46508K, reserved 1089536K
  class space    used 5652K, capacity 5812K, committed 5888K, reserved 1048576K
}
Event: 5.373 GC heap after
{Heap after GC invocations=16 (full 0):
 garbage-first heap   total 95232K, used 27997K [0x0000000082400000, 0x0000000100000000)
  region size 1024K, 7 young (7168K), 7 survivors (7168K)
 Metaspace       used 45869K, capacity 46300K, committed 46508K, reserved 1089536K
  class space    used 5652K, capacity 5812K, committed 5888K, reserved 1048576K
}
Event: 5.920 GC heap before
{Heap before GC invocations=16 (full 0):
 garbage-first heap   total 95232K, used 75101K [0x0000000082400000, 0x0000000100000000)
  region size 1024K, 54 young (55296K), 7 survivors (7168K)
 Metaspace       used 49127K, capacity 49685K, committed 49964K, reserved 1093632K
  class space    used 5994K, capacity 6202K, committed 6272K, reserved 1048576K
}
Event: 5.931 GC heap after
{Heap after GC invocations=17 (full 0):
 garbage-first heap   total 95232K, used 29141K [0x0000000082400000, 0x0000000100000000)
  region size 1024K, 5 young (5120K), 5 survivors (5120K)
 Metaspace       used 49127K, capacity 49685K, committed 49964K, reserved 1093632K
  class space    used 5994K, capacity 6202K, committed 6272K, reserved 1048576K
}
Event: 6.293 GC heap before
{Heap before GC invocations=17 (full 0):
 garbage-first heap   total 95232K, used 77269K [0x0000000082400000, 0x0000000100000000)
  region size 1024K, 52 young (53248K), 5 survivors (5120K)
 Metaspace       used 53726K, capacity 54273K, committed 54572K, reserved 1097728K
  class space    used 6762K, capacity 6941K, committed 7040K, reserved 1048576K
}
Event: 6.302 GC heap after
{Heap after GC invocations=18 (full 0):
 garbage-first heap   total 95232K, used 29656K [0x0000000082400000, 0x0000000100000000)
  region size 1024K, 2 young (2048K), 2 survivors (2048K)
 Metaspace       used 53726K, capacity 54273K, committed 54572K, reserved 1097728K
  class space    used 6762K, capacity 6941K, committed 7040K, reserved 1048576K
}
Event: 6.745 GC heap before
{Heap before GC invocations=18 (full 0):
 garbage-first heap   total 95232K, used 78808K [0x0000000082400000, 0x0000000100000000)
  region size 1024K, 50 young (51200K), 2 survivors (2048K)
 Metaspace       used 58536K, capacity 59050K, committed 59180K, reserved 1101824K
  class space    used 7371K, capacity 7551K, committed 7552K, reserved 1048576K
}
Event: 6.757 GC heap after
{Heap after GC invocations=19 (full 0):
 garbage-first heap   total 115712K, used 30670K [0x0000000082400000, 0x0000000100000000)
  region size 1024K, 3 young (3072K), 3 survivors (3072K)
 Metaspace       used 58536K, capacity 59050K, committed 59180K, reserved 1101824K
  class space    used 7371K, capacity 7551K, committed 7552K, reserved 1048576K
}
Event: 6.804 GC heap before
{Heap before GC invocations=19 (full 0):
 garbage-first heap   total 115712K, used 36814K [0x0000000082400000, 0x0000000100000000)
  region size 1024K, 10 young (10240K), 3 survivors (3072K)
 Metaspace       used 59062K, capacity 59562K, committed 59564K, reserved 1101824K
  class space    used 7494K, capacity 7679K, committed 7680K, reserved 1048576K
}
Event: 6.811 GC heap after
{Heap after GC invocations=20 (full 0):
 garbage-first heap   total 115712K, used 30680K [0x0000000082400000, 0x0000000100000000)
  region size 1024K, 3 young (3072K), 3 survivors (3072K)
 Metaspace       used 59062K, capacity 59562K, committed 59564K, reserved 1101824K
  class space    used 7494K, capacity 7679K, committed 7680K, reserved 1048576K
}
Event: 7.524 GC heap before
{Heap before GC invocations=21 (full 0):
 garbage-first heap   total 112640K, used 95192K [0x0000000082400000, 0x0000000100000000)
  region size 1024K, 66 young (67584K), 3 survivors (3072K)
 Metaspace       used 64250K, capacity 64771K, committed 65048K, reserved 1105920K
  class space    used 8219K, capacity 8430K, committed 8556K, reserved 1048576K
}
Event: 7.535 GC heap after
{Heap after GC invocations=22 (full 0):
 garbage-first heap   total 112640K, used 32552K [0x0000000082400000, 0x0000000100000000)
  region size 1024K, 5 young (5120K), 5 survivors (5120K)
 Metaspace       used 64250K, capacity 64771K, committed 65048K, reserved 1105920K
  class space    used 8219K, capacity 8430K, committed 8556K, reserved 1048576K
}
Event: 8.203 GC heap before
{Heap before GC invocations=23 (full 0):
 garbage-first heap   total 112640K, used 95016K [0x0000000082400000, 0x0000000100000000)
  region size 1024K, 66 young (67584K), 5 survivors (5120K)
 Metaspace       used 68640K, capacity 69169K, committed 69400K, reserved 1110016K
  class space    used 8790K, capacity 8993K, committed 9068K, reserved 1048576K
}
Event: 8.212 GC heap after
{Heap after GC invocations=24 (full 0):
 garbage-first heap   total 112640K, used 34686K [0x0000000082400000, 0x0000000100000000)
  region size 1024K, 6 young (6144K), 6 survivors (6144K)
 Metaspace       used 68640K, capacity 69169K, committed 69400K, reserved 1110016K
  class space    used 8790K, capacity 8993K, committed 9068K, reserved 1048576K
}
Event: 8.757 GC heap before
{Heap before GC invocations=24 (full 0):
 garbage-first heap   total 112640K, used 95102K [0x0000000082400000, 0x0000000100000000)
  region size 1024K, 65 young (66560K), 6 survivors (6144K)
 Metaspace       used 71467K, capacity 72046K, committed 72344K, reserved 1112064K
  class space    used 9155K, capacity 9362K, committed 9452K, reserved 1048576K
}
Event: 8.763 GC heap after
{Heap after GC invocations=25 (full 0):
 garbage-first heap   total 135168K, used 36717K [0x0000000082400000, 0x0000000100000000)
  region size 1024K, 7 young (7168K), 7 survivors (7168K)
 Metaspace       used 71467K, capacity 72046K, committed 72344K, reserved 1112064K
  class space    used 9155K, capacity 9362K, committed 9452K, reserved 1048576K
}

